[0.193s] DEBUG:colcon:Command line arguments: ['/usr/bin/colcon', 'build']
[0.193s] DEBUG:colcon:Parsed command line arguments: Namespace(log_base=None, log_level=None, verb_name='build', build_base='build', install_base='install', merge_install=False, symlink_install=False, test_result_base=None, continue_on_error=False, executor='parallel', parallel_workers=8, event_handlers=None, ignore_user_meta=False, metas=['./colcon.meta'], base_paths=['.'], packages_ignore=None, packages_ignore_regex=None, paths=None, packages_up_to=None, packages_up_to_regex=None, packages_above=None, packages_above_and_dependencies=None, packages_above_depth=None, packages_select_by_dep=None, packages_skip_by_dep=None, packages_skip_up_to=None, packages_select_build_failed=False, packages_skip_build_finished=False, packages_select_test_failures=False, packages_skip_test_passed=False, packages_select=None, packages_skip=None, packages_select_regex=None, packages_skip_regex=None, packages_start=None, packages_end=None, allow_overriding=[], cmake_args=None, cmake_target=None, cmake_target_skip_unavailable=False, cmake_clean_cache=False, cmake_clean_first=False, cmake_force_configure=False, ament_cmake_args=None, catkin_cmake_args=None, catkin_skip_building_tests=False, verb_parser=<colcon_defaults.argument_parser.defaults.DefaultArgumentsDecorator object at 0x720d6fcc5210>, verb_extension=<colcon_core.verb.build.BuildVerb object at 0x720d6fe5a620>, main=<bound method BuildVerb.main of <colcon_core.verb.build.BuildVerb object at 0x720d6fe5a620>>)
[0.491s] Level 1:colcon.colcon_core.package_discovery:discover_packages(colcon_meta) check parameters
[0.491s] Level 1:colcon.colcon_core.package_discovery:discover_packages(recursive) check parameters
[0.492s] Level 1:colcon.colcon_core.package_discovery:discover_packages(ignore) check parameters
[0.492s] Level 1:colcon.colcon_core.package_discovery:discover_packages(path) check parameters
[0.492s] Level 1:colcon.colcon_core.package_discovery:discover_packages(colcon_meta) discover
[0.492s] Level 1:colcon.colcon_core.package_discovery:discover_packages(recursive) discover
[0.492s] INFO:colcon.colcon_core.package_discovery:Crawling recursively for packages in '/home/ved/ros2_doc/ros_pi_ws'
[0.492s] Level 1:colcon.colcon_core.package_identification:_identify(.) by extensions ['ignore', 'ignore_ament_install']
[0.492s] Level 1:colcon.colcon_core.package_identification:_identify(.) by extension 'ignore'
[0.492s] Level 1:colcon.colcon_core.package_identification:_identify(.) by extension 'ignore_ament_install'
[0.492s] Level 1:colcon.colcon_core.package_identification:_identify(.) by extensions ['colcon_pkg']
[0.492s] Level 1:colcon.colcon_core.package_identification:_identify(.) by extension 'colcon_pkg'
[0.492s] Level 1:colcon.colcon_core.package_identification:_identify(.) by extensions ['colcon_meta']
[0.492s] Level 1:colcon.colcon_core.package_identification:_identify(.) by extension 'colcon_meta'
[0.493s] Level 1:colcon.colcon_core.package_identification:_identify(.) by extensions ['ros']
[0.493s] Level 1:colcon.colcon_core.package_identification:_identify(.) by extension 'ros'
[0.512s] Level 1:colcon.colcon_core.package_identification:_identify(.) by extensions ['cmake', 'python']
[0.513s] Level 1:colcon.colcon_core.package_identification:_identify(.) by extension 'cmake'
[0.513s] Level 1:colcon.colcon_core.package_identification:_identify(.) by extension 'python'
[0.513s] Level 1:colcon.colcon_core.package_identification:_identify(.) by extensions ['python_setup_py']
[0.513s] Level 1:colcon.colcon_core.package_identification:_identify(.) by extension 'python_setup_py'
[0.513s] Level 1:colcon.colcon_core.package_identification:_identify(build) by extensions ['ignore', 'ignore_ament_install']
[0.513s] Level 1:colcon.colcon_core.package_identification:_identify(build) by extension 'ignore'
[0.513s] Level 1:colcon.colcon_core.package_identification:_identify(build) ignored
[0.513s] Level 1:colcon.colcon_core.package_identification:_identify(install) by extensions ['ignore', 'ignore_ament_install']
[0.514s] Level 1:colcon.colcon_core.package_identification:_identify(install) by extension 'ignore'
[0.514s] Level 1:colcon.colcon_core.package_identification:_identify(install) ignored
[0.514s] Level 1:colcon.colcon_core.package_identification:_identify(log) by extensions ['ignore', 'ignore_ament_install']
[0.514s] Level 1:colcon.colcon_core.package_identification:_identify(log) by extension 'ignore'
[0.514s] Level 1:colcon.colcon_core.package_identification:_identify(log) ignored
[0.514s] Level 1:colcon.colcon_core.package_identification:_identify(src) by extensions ['ignore', 'ignore_ament_install']
[0.514s] Level 1:colcon.colcon_core.package_identification:_identify(src) by extension 'ignore'
[0.514s] Level 1:colcon.colcon_core.package_identification:_identify(src) by extension 'ignore_ament_install'
[0.514s] Level 1:colcon.colcon_core.package_identification:_identify(src) by extensions ['colcon_pkg']
[0.514s] Level 1:colcon.colcon_core.package_identification:_identify(src) by extension 'colcon_pkg'
[0.514s] Level 1:colcon.colcon_core.package_identification:_identify(src) by extensions ['colcon_meta']
[0.514s] Level 1:colcon.colcon_core.package_identification:_identify(src) by extension 'colcon_meta'
[0.515s] Level 1:colcon.colcon_core.package_identification:_identify(src) by extensions ['ros']
[0.515s] Level 1:colcon.colcon_core.package_identification:_identify(src) by extension 'ros'
[0.515s] Level 1:colcon.colcon_core.package_identification:_identify(src) by extensions ['cmake', 'python']
[0.515s] Level 1:colcon.colcon_core.package_identification:_identify(src) by extension 'cmake'
[0.515s] Level 1:colcon.colcon_core.package_identification:_identify(src) by extension 'python'
[0.515s] Level 1:colcon.colcon_core.package_identification:_identify(src) by extensions ['python_setup_py']
[0.515s] Level 1:colcon.colcon_core.package_identification:_identify(src) by extension 'python_setup_py'
[0.515s] Level 1:colcon.colcon_core.package_identification:_identify(src/imu_pi_publisher) by extensions ['ignore', 'ignore_ament_install']
[0.515s] Level 1:colcon.colcon_core.package_identification:_identify(src/imu_pi_publisher) by extension 'ignore'
[0.515s] Level 1:colcon.colcon_core.package_identification:_identify(src/imu_pi_publisher) by extension 'ignore_ament_install'
[0.515s] Level 1:colcon.colcon_core.package_identification:_identify(src/imu_pi_publisher) by extensions ['colcon_pkg']
[0.516s] Level 1:colcon.colcon_core.package_identification:_identify(src/imu_pi_publisher) by extension 'colcon_pkg'
[0.516s] Level 1:colcon.colcon_core.package_identification:_identify(src/imu_pi_publisher) by extensions ['colcon_meta']
[0.516s] Level 1:colcon.colcon_core.package_identification:_identify(src/imu_pi_publisher) by extension 'colcon_meta'
[0.516s] Level 1:colcon.colcon_core.package_identification:_identify(src/imu_pi_publisher) by extensions ['ros']
[0.516s] Level 1:colcon.colcon_core.package_identification:_identify(src/imu_pi_publisher) by extension 'ros'
[0.520s] DEBUG:colcon.colcon_core.package_identification:Package 'src/imu_pi_publisher' with type 'ros.ament_cmake' and name 'imu_pi_publisher'
[0.520s] Level 1:colcon.colcon_core.package_discovery:discover_packages(recursive) using defaults
[0.520s] Level 1:colcon.colcon_core.package_discovery:discover_packages(ignore) discover
[0.520s] Level 1:colcon.colcon_core.package_discovery:discover_packages(ignore) using defaults
[0.520s] Level 1:colcon.colcon_core.package_discovery:discover_packages(path) discover
[0.520s] Level 1:colcon.colcon_core.package_discovery:discover_packages(path) using defaults
[0.575s] Level 1:colcon.colcon_core.package_discovery:discover_packages(prefix_path) check parameters
[0.575s] Level 1:colcon.colcon_core.package_discovery:discover_packages(prefix_path) discover
[0.580s] DEBUG:colcon.colcon_installed_package_information.package_discovery:Found 4 installed packages in /home/ved/ros2_doc/gazebo_ws/install
[0.582s] DEBUG:colcon.colcon_installed_package_information.package_discovery:Found 16 installed packages in /home/ved/ros2_doc/turtlebot3_ws/install
[0.583s] DEBUG:colcon.colcon_installed_package_information.package_discovery:Found 7 installed packages in /home/ved/ros2_doc/colcon_ws/install
[0.586s] DEBUG:colcon.colcon_installed_package_information.package_discovery:Found 353 installed packages in /opt/ros/humble
[0.589s] Level 1:colcon.colcon_core.package_discovery:discover_packages(prefix_path) using defaults
[0.669s] Level 5:colcon.colcon_core.verb:set package 'imu_pi_publisher' build argument 'cmake_args' from command line to 'None'
[0.669s] Level 5:colcon.colcon_core.verb:set package 'imu_pi_publisher' build argument 'cmake_target' from command line to 'None'
[0.669s] Level 5:colcon.colcon_core.verb:set package 'imu_pi_publisher' build argument 'cmake_target_skip_unavailable' from command line to 'False'
[0.669s] Level 5:colcon.colcon_core.verb:set package 'imu_pi_publisher' build argument 'cmake_clean_cache' from command line to 'False'
[0.669s] Level 5:colcon.colcon_core.verb:set package 'imu_pi_publisher' build argument 'cmake_clean_first' from command line to 'False'
[0.669s] Level 5:colcon.colcon_core.verb:set package 'imu_pi_publisher' build argument 'cmake_force_configure' from command line to 'False'
[0.669s] Level 5:colcon.colcon_core.verb:set package 'imu_pi_publisher' build argument 'ament_cmake_args' from command line to 'None'
[0.669s] Level 5:colcon.colcon_core.verb:set package 'imu_pi_publisher' build argument 'catkin_cmake_args' from command line to 'None'
[0.669s] Level 5:colcon.colcon_core.verb:set package 'imu_pi_publisher' build argument 'catkin_skip_building_tests' from command line to 'False'
[0.669s] DEBUG:colcon.colcon_core.verb:Building package 'imu_pi_publisher' with the following arguments: {'ament_cmake_args': None, 'build_base': '/home/ved/ros2_doc/ros_pi_ws/build/imu_pi_publisher', 'catkin_cmake_args': None, 'catkin_skip_building_tests': False, 'cmake_args': None, 'cmake_clean_cache': False, 'cmake_clean_first': False, 'cmake_force_configure': False, 'cmake_target': None, 'cmake_target_skip_unavailable': False, 'install_base': '/home/ved/ros2_doc/ros_pi_ws/install/imu_pi_publisher', 'merge_install': False, 'path': '/home/ved/ros2_doc/ros_pi_ws/src/imu_pi_publisher', 'symlink_install': False, 'test_result_base': None}
[0.669s] INFO:colcon.colcon_core.executor:Executing jobs using 'parallel' executor
[0.671s] DEBUG:colcon.colcon_parallel_executor.executor.parallel:run_until_complete
[0.671s] INFO:colcon.colcon_ros.task.ament_cmake.build:Building ROS package in '/home/ved/ros2_doc/ros_pi_ws/src/imu_pi_publisher' with build type 'ament_cmake'
[0.672s] INFO:colcon.colcon_cmake.task.cmake.build:Building CMake package in '/home/ved/ros2_doc/ros_pi_ws/src/imu_pi_publisher'
[0.675s] INFO:colcon.colcon_core.plugin_system:Skipping extension 'colcon_core.shell.bat': Not used on non-Windows systems
[0.676s] INFO:colcon.colcon_core.shell:Skip shell extension 'powershell' for command environment: Not usable outside of PowerShell
[0.676s] DEBUG:colcon.colcon_core.shell:Skip shell extension 'dsv' for command environment
[0.694s] DEBUG:colcon.colcon_core.event_handler.log_command:Invoking command in '/home/ved/ros2_doc/ros_pi_ws/build/imu_pi_publisher': CMAKE_PREFIX_PATH=${CMAKE_PREFIX_PATH}:/home/ved/ros2_doc/turtlebot3_ws/install/turtlebot3_teleop:/home/ved/ros2_doc/turtlebot3_ws/install/turtlebot3_example:/opt/ros/humble /usr/bin/cmake /home/ved/ros2_doc/ros_pi_ws/src/imu_pi_publisher -DCMAKE_INSTALL_PREFIX=/home/ved/ros2_doc/ros_pi_ws/install/imu_pi_publisher
[1.893s] DEBUG:colcon.colcon_core.event_handler.log_command:Invoked command in '/home/ved/ros2_doc/ros_pi_ws/build/imu_pi_publisher' returned '0': CMAKE_PREFIX_PATH=${CMAKE_PREFIX_PATH}:/home/ved/ros2_doc/turtlebot3_ws/install/turtlebot3_teleop:/home/ved/ros2_doc/turtlebot3_ws/install/turtlebot3_example:/opt/ros/humble /usr/bin/cmake /home/ved/ros2_doc/ros_pi_ws/src/imu_pi_publisher -DCMAKE_INSTALL_PREFIX=/home/ved/ros2_doc/ros_pi_ws/install/imu_pi_publisher
[1.894s] DEBUG:colcon.colcon_core.event_handler.log_command:Invoking command in '/home/ved/ros2_doc/ros_pi_ws/build/imu_pi_publisher': CMAKE_PREFIX_PATH=${CMAKE_PREFIX_PATH}:/home/ved/ros2_doc/turtlebot3_ws/install/turtlebot3_teleop:/home/ved/ros2_doc/turtlebot3_ws/install/turtlebot3_example:/opt/ros/humble /usr/bin/cmake --build /home/ved/ros2_doc/ros_pi_ws/build/imu_pi_publisher -- -j8 -l8
[1.956s] DEBUG:colcon.colcon_core.event_handler.log_command:Invoked command in '/home/ved/ros2_doc/ros_pi_ws/build/imu_pi_publisher' returned '0': CMAKE_PREFIX_PATH=${CMAKE_PREFIX_PATH}:/home/ved/ros2_doc/turtlebot3_ws/install/turtlebot3_teleop:/home/ved/ros2_doc/turtlebot3_ws/install/turtlebot3_example:/opt/ros/humble /usr/bin/cmake --build /home/ved/ros2_doc/ros_pi_ws/build/imu_pi_publisher -- -j8 -l8
[1.973s] DEBUG:colcon.colcon_core.event_handler.log_command:Invoking command in '/home/ved/ros2_doc/ros_pi_ws/build/imu_pi_publisher': CMAKE_PREFIX_PATH=${CMAKE_PREFIX_PATH}:/home/ved/ros2_doc/turtlebot3_ws/install/turtlebot3_teleop:/home/ved/ros2_doc/turtlebot3_ws/install/turtlebot3_example:/opt/ros/humble /usr/bin/cmake --install /home/ved/ros2_doc/ros_pi_ws/build/imu_pi_publisher
[1.991s] Level 1:colcon.colcon_core.environment:create_environment_scripts_only(imu_pi_publisher)
[1.992s] DEBUG:colcon.colcon_core.event_handler.log_command:Invoked command in '/home/ved/ros2_doc/ros_pi_ws/build/imu_pi_publisher' returned '0': CMAKE_PREFIX_PATH=${CMAKE_PREFIX_PATH}:/home/ved/ros2_doc/turtlebot3_ws/install/turtlebot3_teleop:/home/ved/ros2_doc/turtlebot3_ws/install/turtlebot3_example:/opt/ros/humble /usr/bin/cmake --install /home/ved/ros2_doc/ros_pi_ws/build/imu_pi_publisher
[1.995s] Level 1:colcon.colcon_core.environment:checking '/home/ved/ros2_doc/ros_pi_ws/install/imu_pi_publisher' for CMake module files
[1.996s] Level 1:colcon.colcon_core.environment:checking '/home/ved/ros2_doc/ros_pi_ws/install/imu_pi_publisher' for CMake config files
[1.996s] Level 1:colcon.colcon_core.shell:create_environment_hook('imu_pi_publisher', 'cmake_prefix_path')
[1.997s] INFO:colcon.colcon_core.shell:Creating environment hook '/home/ved/ros2_doc/ros_pi_ws/install/imu_pi_publisher/share/imu_pi_publisher/hook/cmake_prefix_path.ps1'
[1.998s] INFO:colcon.colcon_core.shell:Creating environment descriptor '/home/ved/ros2_doc/ros_pi_ws/install/imu_pi_publisher/share/imu_pi_publisher/hook/cmake_prefix_path.dsv'
[1.998s] INFO:colcon.colcon_core.shell:Creating environment hook '/home/ved/ros2_doc/ros_pi_ws/install/imu_pi_publisher/share/imu_pi_publisher/hook/cmake_prefix_path.sh'
[2.000s] Level 1:colcon.colcon_core.environment:checking '/home/ved/ros2_doc/ros_pi_ws/install/imu_pi_publisher/bin'
[2.000s] Level 1:colcon.colcon_core.environment:checking '/home/ved/ros2_doc/ros_pi_ws/install/imu_pi_publisher/lib/pkgconfig/imu_pi_publisher.pc'
[2.000s] Level 1:colcon.colcon_core.environment:checking '/home/ved/ros2_doc/ros_pi_ws/install/imu_pi_publisher/lib/python3.10/site-packages'
[2.001s] Level 1:colcon.colcon_core.environment:checking '/home/ved/ros2_doc/ros_pi_ws/install/imu_pi_publisher/bin'
[2.001s] INFO:colcon.colcon_core.shell:Creating package script '/home/ved/ros2_doc/ros_pi_ws/install/imu_pi_publisher/share/imu_pi_publisher/package.ps1'
[2.003s] INFO:colcon.colcon_core.shell:Creating package descriptor '/home/ved/ros2_doc/ros_pi_ws/install/imu_pi_publisher/share/imu_pi_publisher/package.dsv'
[2.004s] INFO:colcon.colcon_core.shell:Creating package script '/home/ved/ros2_doc/ros_pi_ws/install/imu_pi_publisher/share/imu_pi_publisher/package.sh'
[2.005s] INFO:colcon.colcon_core.shell:Creating package script '/home/ved/ros2_doc/ros_pi_ws/install/imu_pi_publisher/share/imu_pi_publisher/package.bash'
[2.006s] INFO:colcon.colcon_core.shell:Creating package script '/home/ved/ros2_doc/ros_pi_ws/install/imu_pi_publisher/share/imu_pi_publisher/package.zsh'
[2.007s] Level 1:colcon.colcon_core.environment:create_file_with_runtime_dependencies(/home/ved/ros2_doc/ros_pi_ws/install/imu_pi_publisher/share/colcon-core/packages/imu_pi_publisher)
[2.009s] Level 1:colcon.colcon_core.environment:create_environment_scripts_only(imu_pi_publisher)
[2.009s] Level 1:colcon.colcon_core.environment:checking '/home/ved/ros2_doc/ros_pi_ws/install/imu_pi_publisher' for CMake module files
[2.010s] Level 1:colcon.colcon_core.environment:checking '/home/ved/ros2_doc/ros_pi_ws/install/imu_pi_publisher' for CMake config files
[2.010s] Level 1:colcon.colcon_core.shell:create_environment_hook('imu_pi_publisher', 'cmake_prefix_path')
[2.010s] INFO:colcon.colcon_core.shell:Creating environment hook '/home/ved/ros2_doc/ros_pi_ws/install/imu_pi_publisher/share/imu_pi_publisher/hook/cmake_prefix_path.ps1'
[2.011s] INFO:colcon.colcon_core.shell:Creating environment descriptor '/home/ved/ros2_doc/ros_pi_ws/install/imu_pi_publisher/share/imu_pi_publisher/hook/cmake_prefix_path.dsv'
[2.012s] INFO:colcon.colcon_core.shell:Creating environment hook '/home/ved/ros2_doc/ros_pi_ws/install/imu_pi_publisher/share/imu_pi_publisher/hook/cmake_prefix_path.sh'
[2.012s] Level 1:colcon.colcon_core.environment:checking '/home/ved/ros2_doc/ros_pi_ws/install/imu_pi_publisher/bin'
[2.013s] Level 1:colcon.colcon_core.environment:checking '/home/ved/ros2_doc/ros_pi_ws/install/imu_pi_publisher/lib/pkgconfig/imu_pi_publisher.pc'
[2.013s] Level 1:colcon.colcon_core.environment:checking '/home/ved/ros2_doc/ros_pi_ws/install/imu_pi_publisher/lib/python3.10/site-packages'
[2.013s] Level 1:colcon.colcon_core.environment:checking '/home/ved/ros2_doc/ros_pi_ws/install/imu_pi_publisher/bin'
[2.014s] INFO:colcon.colcon_core.shell:Creating package script '/home/ved/ros2_doc/ros_pi_ws/install/imu_pi_publisher/share/imu_pi_publisher/package.ps1'
[2.015s] INFO:colcon.colcon_core.shell:Creating package descriptor '/home/ved/ros2_doc/ros_pi_ws/install/imu_pi_publisher/share/imu_pi_publisher/package.dsv'
[2.015s] INFO:colcon.colcon_core.shell:Creating package script '/home/ved/ros2_doc/ros_pi_ws/install/imu_pi_publisher/share/imu_pi_publisher/package.sh'
[2.016s] INFO:colcon.colcon_core.shell:Creating package script '/home/ved/ros2_doc/ros_pi_ws/install/imu_pi_publisher/share/imu_pi_publisher/package.bash'
[2.017s] INFO:colcon.colcon_core.shell:Creating package script '/home/ved/ros2_doc/ros_pi_ws/install/imu_pi_publisher/share/imu_pi_publisher/package.zsh'
[2.018s] Level 1:colcon.colcon_core.environment:create_file_with_runtime_dependencies(/home/ved/ros2_doc/ros_pi_ws/install/imu_pi_publisher/share/colcon-core/packages/imu_pi_publisher)
[2.019s] DEBUG:colcon.colcon_parallel_executor.executor.parallel:closing loop
[2.019s] DEBUG:colcon.colcon_parallel_executor.executor.parallel:loop closed
[2.019s] DEBUG:colcon.colcon_parallel_executor.executor.parallel:run_until_complete finished with '0'
[2.019s] DEBUG:colcon.colcon_core.event_reactor:joining thread
[2.029s] INFO:colcon.colcon_core.plugin_system:Skipping extension 'colcon_notification.desktop_notification.terminal_notifier': Not used on non-Darwin systems
[2.029s] INFO:colcon.colcon_core.plugin_system:Skipping extension 'colcon_notification.desktop_notification.win32': Not used on non-Windows systems
[2.029s] INFO:colcon.colcon_notification.desktop_notification:Sending desktop notification using 'notify2'
[2.052s] DEBUG:colcon.colcon_core.event_reactor:joined thread
[2.052s] INFO:colcon.colcon_core.shell:Creating prefix script '/home/ved/ros2_doc/ros_pi_ws/install/local_setup.ps1'
[2.054s] INFO:colcon.colcon_core.shell:Creating prefix util module '/home/ved/ros2_doc/ros_pi_ws/install/_local_setup_util_ps1.py'
[2.057s] INFO:colcon.colcon_core.shell:Creating prefix chain script '/home/ved/ros2_doc/ros_pi_ws/install/setup.ps1'
[2.061s] INFO:colcon.colcon_core.shell:Creating prefix script '/home/ved/ros2_doc/ros_pi_ws/install/local_setup.sh'
[2.062s] INFO:colcon.colcon_core.shell:Creating prefix util module '/home/ved/ros2_doc/ros_pi_ws/install/_local_setup_util_sh.py'
[2.063s] INFO:colcon.colcon_core.shell:Creating prefix chain script '/home/ved/ros2_doc/ros_pi_ws/install/setup.sh'
[2.066s] INFO:colcon.colcon_core.shell:Creating prefix script '/home/ved/ros2_doc/ros_pi_ws/install/local_setup.bash'
[2.067s] INFO:colcon.colcon_core.shell:Creating prefix chain script '/home/ved/ros2_doc/ros_pi_ws/install/setup.bash'
[2.071s] INFO:colcon.colcon_core.shell:Creating prefix script '/home/ved/ros2_doc/ros_pi_ws/install/local_setup.zsh'
[2.072s] INFO:colcon.colcon_core.shell:Creating prefix chain script '/home/ved/ros2_doc/ros_pi_ws/install/setup.zsh'
