[0.021s] Invoking command in '/home/ved/ros2_doc/ros_pi_ws/build/imu_pi_publisher': CMAKE_PREFIX_PATH=${CMAKE_PREFIX_PATH}:/home/ved/ros2_doc/turtlebot3_ws/install/turtlebot3_teleop:/home/ved/ros2_doc/turtlebot3_ws/install/turtlebot3_example:/opt/ros/humble /usr/bin/cmake /home/ved/ros2_doc/ros_pi_ws/src/imu_pi_publisher -DCMAKE_INSTALL_PREFIX=/home/ved/ros2_doc/ros_pi_ws/install/imu_pi_publisher
[0.113s] -- The C compiler identification is GNU 11.4.0
[0.209s] -- The CXX compiler identification is GNU 11.4.0
[0.221s] -- Detecting C compiler ABI info
[0.337s] -- Detecting C compiler ABI info - done
[0.351s] -- Check for working C compiler: /usr/bin/cc - skipped
[0.351s] -- Detecting C compile features
[0.352s] -- Detecting C compile features - done
[0.357s] -- Detecting CXX compiler ABI info
[0.496s] -- Detecting CXX compiler ABI info - done
[0.510s] -- Check for working CXX compiler: /usr/bin/c++ - skipped
[0.510s] -- Detecting CXX compile features
[0.511s] -- Detecting CXX compile features - done
[0.519s] -- Found ament_cmake: 1.3.12 (/opt/ros/humble/share/ament_cmake/cmake)
[0.814s] -- Found Python3: /usr/bin/python3 (found version "3.10.12") found components: Interpreter 
[1.031s] -- Found ament_lint_auto: 0.12.14 (/opt/ros/humble/share/ament_lint_auto/cmake)
[1.199s] -- Added test 'lint_cmake' to check CMake code style
[1.201s] -- Added test 'xmllint' to check XML markup files
[1.205s] -- Configuring done
[1.209s] -- Generating done
[1.211s] -- Build files have been written to: /home/ved/ros2_doc/ros_pi_ws/build/imu_pi_publisher
[1.220s] Invoked command in '/home/ved/ros2_doc/ros_pi_ws/build/imu_pi_publisher' returned '0': CMAKE_PREFIX_PATH=${CMAKE_PREFIX_PATH}:/home/ved/ros2_doc/turtlebot3_ws/install/turtlebot3_teleop:/home/ved/ros2_doc/turtlebot3_ws/install/turtlebot3_example:/opt/ros/humble /usr/bin/cmake /home/ved/ros2_doc/ros_pi_ws/src/imu_pi_publisher -DCMAKE_INSTALL_PREFIX=/home/ved/ros2_doc/ros_pi_ws/install/imu_pi_publisher
[1.221s] Invoking command in '/home/ved/ros2_doc/ros_pi_ws/build/imu_pi_publisher': CMAKE_PREFIX_PATH=${CMAKE_PREFIX_PATH}:/home/ved/ros2_doc/turtlebot3_ws/install/turtlebot3_teleop:/home/ved/ros2_doc/turtlebot3_ws/install/turtlebot3_example:/opt/ros/humble /usr/bin/cmake --build /home/ved/ros2_doc/ros_pi_ws/build/imu_pi_publisher -- -j8 -l8
[1.284s] Invoked command in '/home/ved/ros2_doc/ros_pi_ws/build/imu_pi_publisher' returned '0': CMAKE_PREFIX_PATH=${CMAKE_PREFIX_PATH}:/home/ved/ros2_doc/turtlebot3_ws/install/turtlebot3_teleop:/home/ved/ros2_doc/turtlebot3_ws/install/turtlebot3_example:/opt/ros/humble /usr/bin/cmake --build /home/ved/ros2_doc/ros_pi_ws/build/imu_pi_publisher -- -j8 -l8
[1.301s] Invoking command in '/home/ved/ros2_doc/ros_pi_ws/build/imu_pi_publisher': CMAKE_PREFIX_PATH=${CMAKE_PREFIX_PATH}:/home/ved/ros2_doc/turtlebot3_ws/install/turtlebot3_teleop:/home/ved/ros2_doc/turtlebot3_ws/install/turtlebot3_example:/opt/ros/humble /usr/bin/cmake --install /home/ved/ros2_doc/ros_pi_ws/build/imu_pi_publisher
[1.313s] -- Install configuration: ""
[1.313s] -- Installing: /home/ved/ros2_doc/ros_pi_ws/install/imu_pi_publisher/share/ament_index/resource_index/package_run_dependencies/imu_pi_publisher
[1.314s] -- Installing: /home/ved/ros2_doc/ros_pi_ws/install/imu_pi_publisher/share/ament_index/resource_index/parent_prefix_path/imu_pi_publisher
[1.314s] -- Installing: /home/ved/ros2_doc/ros_pi_ws/install/imu_pi_publisher/share/imu_pi_publisher/environment/ament_prefix_path.sh
[1.314s] -- Installing: /home/ved/ros2_doc/ros_pi_ws/install/imu_pi_publisher/share/imu_pi_publisher/environment/ament_prefix_path.dsv
[1.314s] -- Installing: /home/ved/ros2_doc/ros_pi_ws/install/imu_pi_publisher/share/imu_pi_publisher/environment/path.sh
[1.314s] -- Installing: /home/ved/ros2_doc/ros_pi_ws/install/imu_pi_publisher/share/imu_pi_publisher/environment/path.dsv
[1.314s] -- Installing: /home/ved/ros2_doc/ros_pi_ws/install/imu_pi_publisher/share/imu_pi_publisher/local_setup.bash
[1.315s] -- Installing: /home/ved/ros2_doc/ros_pi_ws/install/imu_pi_publisher/share/imu_pi_publisher/local_setup.sh
[1.315s] -- Installing: /home/ved/ros2_doc/ros_pi_ws/install/imu_pi_publisher/share/imu_pi_publisher/local_setup.zsh
[1.315s] -- Installing: /home/ved/ros2_doc/ros_pi_ws/install/imu_pi_publisher/share/imu_pi_publisher/local_setup.dsv
[1.315s] -- Installing: /home/ved/ros2_doc/ros_pi_ws/install/imu_pi_publisher/share/imu_pi_publisher/package.dsv
[1.315s] -- Installing: /home/ved/ros2_doc/ros_pi_ws/install/imu_pi_publisher/share/ament_index/resource_index/packages/imu_pi_publisher
[1.316s] -- Installing: /home/ved/ros2_doc/ros_pi_ws/install/imu_pi_publisher/share/imu_pi_publisher/cmake/imu_pi_publisherConfig.cmake
[1.316s] -- Installing: /home/ved/ros2_doc/ros_pi_ws/install/imu_pi_publisher/share/imu_pi_publisher/cmake/imu_pi_publisherConfig-version.cmake
[1.316s] -- Installing: /home/ved/ros2_doc/ros_pi_ws/install/imu_pi_publisher/share/imu_pi_publisher/package.xml
[1.319s] Invoked command in '/home/ved/ros2_doc/ros_pi_ws/build/imu_pi_publisher' returned '0': CMAKE_PREFIX_PATH=${CMAKE_PREFIX_PATH}:/home/ved/ros2_doc/turtlebot3_ws/install/turtlebot3_teleop:/home/ved/ros2_doc/turtlebot3_ws/install/turtlebot3_example:/opt/ros/humble /usr/bin/cmake --install /home/ved/ros2_doc/ros_pi_ws/build/imu_pi_publisher
